0 info it worked if it ends with ok
1 verbose cli [ '/usr/local/bin/node',
1 verbose cli   '/usr/local/bin/npm',
1 verbose cli   'install',
1 verbose cli   'rethinkdash',
1 verbose cli   '--save' ]
2 info using npm@1.4.28
3 info using node@v0.10.36
4 warn package.json event_store@1.0.0 No description
5 warn package.json event_store@1.0.0 No repository field.
6 warn package.json event_store@1.0.0 No README data
7 verbose readDependencies using package.json deps
8 verbose cache add [ 'rethinkdash', null ]
9 verbose cache add name=undefined spec="rethinkdash" args=["rethinkdash",null]
10 verbose parsed url { protocol: null,
10 verbose parsed url   slashes: null,
10 verbose parsed url   auth: null,
10 verbose parsed url   host: null,
10 verbose parsed url   port: null,
10 verbose parsed url   hostname: null,
10 verbose parsed url   hash: null,
10 verbose parsed url   search: null,
10 verbose parsed url   query: null,
10 verbose parsed url   pathname: 'rethinkdash',
10 verbose parsed url   path: 'rethinkdash',
10 verbose parsed url   href: 'rethinkdash' }
11 silly lockFile 27379b2e-rethinkdash rethinkdash
12 verbose lock rethinkdash /Users/siddharthravichandran/.npm/27379b2e-rethinkdash.lock
13 silly lockFile 27379b2e-rethinkdash rethinkdash
14 silly lockFile 27379b2e-rethinkdash rethinkdash
15 verbose addNamed [ 'rethinkdash', '' ]
16 verbose addNamed [ null, '*' ]
17 silly lockFile 3860d3bf-rethinkdash rethinkdash@
18 verbose lock rethinkdash@ /Users/siddharthravichandran/.npm/3860d3bf-rethinkdash.lock
19 silly addNameRange { name: 'rethinkdash', range: '*', hasData: false }
20 verbose request where is /rethinkdash
21 verbose request registry https://registry.npmjs.org/
22 verbose request id a664cd7005c01dfa
23 verbose url raw /rethinkdash
24 verbose url resolving [ 'https://registry.npmjs.org/', './rethinkdash' ]
25 verbose url resolved https://registry.npmjs.org/rethinkdash
26 verbose request where is https://registry.npmjs.org/rethinkdash
27 info trying registry request attempt 1 at 14:39:06
28 http GET https://registry.npmjs.org/rethinkdash
29 http 404 https://registry.npmjs.org/rethinkdash
30 verbose headers { server: 'CouchDB/1.5.0 (Erlang OTP/R16B03)',
30 verbose headers   'content-type': 'application/json',
30 verbose headers   'cache-control': 'max-age=0',
30 verbose headers   'content-length': '51',
30 verbose headers   'accept-ranges': 'bytes',
30 verbose headers   date: 'Mon, 06 Jul 2015 09:09:09 GMT',
30 verbose headers   via: '1.1 varnish',
30 verbose headers   age: '0',
30 verbose headers   connection: 'keep-alive',
30 verbose headers   'x-served-by': 'cache-ams4134-AMS',
30 verbose headers   'x-cache': 'MISS',
30 verbose headers   'x-cache-hits': '0',
30 verbose headers   'x-timer': 'S1436173749.566646,VS0,VE97' }
31 silly registry.get cb [ 404,
31 silly registry.get   { server: 'CouchDB/1.5.0 (Erlang OTP/R16B03)',
31 silly registry.get     'content-type': 'application/json',
31 silly registry.get     'cache-control': 'max-age=0',
31 silly registry.get     'content-length': '51',
31 silly registry.get     'accept-ranges': 'bytes',
31 silly registry.get     date: 'Mon, 06 Jul 2015 09:09:09 GMT',
31 silly registry.get     via: '1.1 varnish',
31 silly registry.get     age: '0',
31 silly registry.get     connection: 'keep-alive',
31 silly registry.get     'x-served-by': 'cache-ams4134-AMS',
31 silly registry.get     'x-cache': 'MISS',
31 silly registry.get     'x-cache-hits': '0',
31 silly registry.get     'x-timer': 'S1436173749.566646,VS0,VE97' } ]
32 silly lockFile 3860d3bf-rethinkdash rethinkdash@
33 silly lockFile 3860d3bf-rethinkdash rethinkdash@
34 error 404 404 Not Found: rethinkdash
34 error 404
34 error 404 'rethinkdash' is not in the npm registry.
34 error 404 You should bug the author to publish it
34 error 404 It was specified as a dependency of 'event_store'
34 error 404
34 error 404 Note that you can also install from a
34 error 404 tarball, folder, or http url, or git url.
35 error System Darwin 14.3.0
36 error command "/usr/local/bin/node" "/usr/local/bin/npm" "install" "rethinkdash" "--save"
37 error cwd /Users/siddharthravichandran/node_apps/event_store
38 error node -v v0.10.36
39 error npm -v 1.4.28
40 error code E404
41 verbose exit [ 1, true ]
